<?xml version="1.0" encoding="UTF-8"?>
<beans xmlns="http://www.springframework.org/schema/beans"
  	   xmlns:xsi="http://www.w3.org/2001/XMLSchema-instance" xmlns:context="http://www.springframework.org/schema/context"
  	   xmlns:p="http://www.springframework.org/schema/p"
  	   xsi:schemaLocation="http://www.springframework.org/schema/beans http://www.springframework.org/schema/beans/spring-beans-3.0.xsd
    				http://www.springframework.org/schema/context http://www.springframework.org/schema/context/spring-context-3.0.xsd">
    				
  <description>
   		 This contains components referenced by the File Upload Download integration flow
  </description>
 	
	<bean id="downloadutil" class="com.goSmarter.ftp.util.FileDownloadUtil" lazy-init="true">
		<property name="Remoteftpfolder" value="/dir" />
	</bean>
	
	<bean id="ftpSessionFactory" class="org.springframework.integration.ftp.session.DefaultFtpSessionFactory">
		<property name="host" value="localhost"/>
		<property name="port" value="9999"/>
		<property name="username" value="user"/>
		<property name="password" value="password" />
	</bean>
</beans>